
> nextn@0.1.0 dev
> next dev --turbopack -p 9002

   ▲ Next.js 15.3.3 (Turbopack)
   - Local:        http://localhost:9002
   - Network:      http://192.168.1.25:9002
   - Environments: .env

 ✓ Starting...
 ✓ Ready in 807ms
 ○ Compiling / ...
 ✓ Compiled / in 1232ms
 GET / 307 in 1389ms
 ○ Compiling /tsx-runner ...
 ✓ Compiled /tsx-runner in 727ms
 GET /tsx-runner 200 in 849ms
 ✓ Compiled /favicon.ico in 280ms
 GET /favicon.ico?favicon.56766c03.ico 200 in 541ms
 GET / 307 in 94ms
 ○ Compiling /dashboard ...
 ✓ Compiled /dashboard in 2s
 GET /dashboard 200 in 3334ms
 GET /favicon.ico?favicon.56766c03.ico 200 in 289ms
 ○ Compiling /glass-preview ...
 ✓ Compiled /glass-preview in 773ms
 GET /glass-preview 200 in 886ms
 GET /favicon.ico?favicon.56766c03.ico 200 in 271ms
 GET / 307 in 119ms
 GET /dashboard 200 in 829ms
 GET /favicon.ico?favicon.56766c03.ico 200 in 241ms
 GET /glass-preview 200 in 441ms
 ✓ Compiled in 1028ms
 GET /glass-preview 200 in 575ms
 GET /favicon.ico?favicon.56766c03.ico 200 in 286ms
 ○ Compiling /_not-found/page ...
 ✓ Compiled /_not-found/page in 934ms
 GET /glass-preview 404 in 1094ms
 GET /glass-preview 404 in 108ms
 GET /glass-preview 404 in 33ms
 GET /glass-preview 404 in 97ms
 ○ Compiling /settings/glass-preview ...
 ✓ Compiled /settings/glass-preview in 1006ms
 GET /settings/glass-preview 200 in 1223ms
 ○ Compiling /settings/categories ...
 ✓ Compiled /settings/categories in 1830ms
 GET /settings/categories 200 in 2139ms
 POST /settings/categories 200 in 976ms
 POST /settings/categories 200 in 259ms
 ○ Compiling /settings/application ...
 ✓ Compiled /settings/application in 883ms
 GET /settings/application 200 in 917ms
 POST /settings/application 200 in 60ms
 POST /settings/application 200 in 27ms
 POST /settings/application 200 in 65ms
 ✓ Compiled in 774ms
 GET /settings/application 200 in 738ms
 GET /settings/application 200 in 110ms
 ⚠ Fast Refresh had to perform a full reload when ./src/components/layout/SidebarNav.tsx changed. Read more: https://nextjs.org/docs/messages/fast-refresh-reload
 GET /settings/application 200 in 319ms
 ✓ Compiled in 1107ms
 ⚠ Fast Refresh had to perform a full reload when ./src/components/layout/SidebarNav.tsx changed. Read more: https://nextjs.org/docs/messages/fast-refresh-reload
 ⨯ ReferenceError: ListFilter is not defined
    at [project]/src/components/layout/SidebarNav.tsx [app-ssr] (ecmascript) (src/components/layout/SidebarNav.tsx:37:61)
    at [project]/src/components/layout/AppLayout.tsx [app-ssr] (ecmascript) (src/components/layout/AppLayout.tsx:8:0)
  35 |   { href: '/settings/glass-preview', label: 'Theme Preview', icon: Palette, matcher: /^\/settings\/glass-preview$/ },
  36 |   // { href: '/settings/users', label: 'User Management', icon: Users, matcher: /^\/settings\/users$/ }, // Removed
> 37 |   { href: '/settings/categories', label: 'Categories', icon: ListFilter, matcher: /^\/settings\/categories$/ },
     |                                                             ^
  38 |   { href: '/settings/subcategories', label: 'Subcategories', icon: ListFilter, matcher: /^\/settings\/subcategories$/ },
  39 |   { href: '/settings/storage-locations', label: 'Storage', icon: StorageIcon, matcher: /^\/settings\/storage-locations$/ },
  40 |   { href: '/settings/bin-locations', label: 'Bin Locations', icon: BinIcon, matcher: /^\/settings\/bin-locations$/ }, {
  digest: '3848112862'
}
 ⨯ ReferenceError: ListFilter is not defined
    at [project]/src/components/layout/SidebarNav.tsx [app-ssr] (ecmascript) (src/components/layout/SidebarNav.tsx:37:61)
    at [project]/src/components/layout/AppLayout.tsx [app-ssr] (ecmascript) (src/components/layout/AppLayout.tsx:8:0)
  35 |   { href: '/settings/glass-preview', label: 'Theme Preview', icon: Palette, matcher: /^\/settings\/glass-preview$/ },
  36 |   // { href: '/settings/users', label: 'User Management', icon: Users, matcher: /^\/settings\/users$/ }, // Removed
> 37 |   { href: '/settings/categories', label: 'Categories', icon: ListFilter, matcher: /^\/settings\/categories$/ },
     |                                                             ^
  38 |   { href: '/settings/subcategories', label: 'Subcategories', icon: ListFilter, matcher: /^\/settings\/subcategories$/ },
  39 |   { href: '/settings/storage-locations', label: 'Storage', icon: StorageIcon, matcher: /^\/settings\/storage-locations$/ },
  40 |   { href: '/settings/bin-locations', label: 'Bin Locations', icon: BinIcon, matcher: /^\/settings\/bin-locations$/ }, {
  digest: '3848112862'
}
 GET /settings/application 200 in 741ms
 ⨯ ReferenceError: ListFilter is not defined
    at [project]/src/components/layout/SidebarNav.tsx [app-ssr] (ecmascript) (src/components/layout/SidebarNav.tsx:37:61)
    at [project]/src/components/layout/AppLayout.tsx [app-ssr] (ecmascript) (src/components/layout/AppLayout.tsx:8:0)
  35 |   { href: '/settings/glass-preview', label: 'Theme Preview', icon: Palette, matcher: /^\/settings\/glass-preview$/ },
  36 |   // { href: '/settings/users', label: 'User Management', icon: Users, matcher: /^\/settings\/users$/ }, // Removed
> 37 |   { href: '/settings/categories', label: 'Categories', icon: ListFilter, matcher: /^\/settings\/categories$/ },
     |                                                             ^
  38 |   { href: '/settings/subcategories', label: 'Subcategories', icon: ListFilter, matcher: /^\/settings\/subcategories$/ },
  39 |   { href: '/settings/storage-locations', label: 'Storage', icon: StorageIcon, matcher: /^\/settings\/storage-locations$/ },
  40 |   { href: '/settings/bin-locations', label: 'Bin Locations', icon: BinIcon, matcher: /^\/settings\/bin-locations$/ }, {
  digest: '3848112862'
}
 GET /settings/application 500 in 178ms
 GET /settings/application 200 in 30ms
 GET /favicon.ico 200 in 268ms
 ⚠ Fast Refresh had to perform a full reload due to a runtime error.
 ⚠ Fast Refresh had to perform a full reload due to a runtime error.
 ⚠ Fast Refresh had to perform a full reload when ./src/components/layout/SidebarNav.tsx changed. Read more: https://nextjs.org/docs/messages/fast-refresh-reload
 ⚠ Fast Refresh had to perform a full reload due to a runtime error.
 ✓ Compiled in 475ms
 GET /settings/application 200 in 215ms
 POST /settings/application 200 in 35ms
 GET /favicon.ico?favicon.56766c03.ico 200 in 256ms
 GET /settings/application 200 in 341ms
 GET /settings/application 200 in 97ms
 GET /settings/application 200 in 51ms
 GET /settings/application 200 in 35ms
 GET /settings/application 200 in 33ms
 GET /settings/application 200 in 22ms
 GET /settings/application 200 in 23ms
 GET /settings/application 200 in 21ms
 GET /favicon.ico?favicon.56766c03.ico 200 in 252ms
 ○ Compiling /settings/master-lists ...
 ✓ Compiled /settings/master-lists in 1927ms
 GET /settings/master-lists 200 in 2416ms
 GET /settings/categories 404 in 71ms
 GET /settings/master-lists 200 in 66ms
 POST /settings/master-lists 200 in 850ms
 POST /settings/master-lists 200 in 646ms
 POST /settings/master-lists 200 in 449ms
 POST /settings/master-lists 200 in 266ms
 POST /settings/master-lists 200 in 274ms
 POST /settings/master-lists 200 in 265ms
 POST /settings/master-lists 200 in 262ms
 POST /settings/master-lists 200 in 254ms
 POST /settings/master-lists 200 in 259ms
 POST /settings/master-lists 200 in 277ms
 POST /settings/master-lists 200 in 257ms
 POST /settings/master-lists 200 in 260ms
 POST /settings/master-lists 200 in 278ms
 POST /settings/master-lists 200 in 248ms
 GET /settings/application 200 in 130ms
 POST /settings/application 200 in 46ms
 POST /settings/application 200 in 28ms
 ✓ Compiled /settings/glass-preview in 184ms
 GET /settings/glass-preview 200 in 354ms
 ○ Compiling /analytics ...
 ✓ Compiled /analytics in 2.6s
 GET /analytics 200 in 3482ms
 GET /analytics 200 in 927ms
 GET /dashboard 200 in 1382ms
 ✓ Compiled in 293ms
 ✓ Compiled /dashboard in 47ms
 GET /dashboard 200 in 1436ms
 ✓ Compiled in 158ms
 ✓ Compiled /dashboard in 27ms
 GET /dashboard 200 in 1217ms
 ✓ Compiled in 147ms
 ✓ Compiled /dashboard in 24ms
 GET /dashboard 200 in 899ms
 ✓ Compiled in 164ms
 ✓ Compiled /dashboard in 36ms
 GET /dashboard 200 in 1197ms
 ✓ Compiled in 180ms
 ✓ Compiled /dashboard in 29ms
(node:4137) MaxListenersExceededWarning: Possible EventEmitter memory leak detected. 11 SIGTERM listeners added to [process]. MaxListeners is 10. Use emitter.setMaxListeners() to increase limit
(Use `node --trace-warnings ...` to show where the warning was created)
(node:4137) MaxListenersExceededWarning: Possible EventEmitter memory leak detected. 11 SIGINT listeners added to [process]. MaxListeners is 10. Use emitter.setMaxListeners() to increase limit
 GET /dashboard 200 in 1564ms
 GET /dashboard 200 in 986ms
 GET /favicon.ico?favicon.56766c03.ico 200 in 305ms
 ✓ Compiled in 121ms
 ✓ Compiled /dashboard in 32ms
 GET /dashboard 200 in 1233ms
 GET /favicon.ico?favicon.56766c03.ico 200 in 250ms
 ✓ Compiled in 404ms
 ✓ Compiled /dashboard in 33ms
 GET /dashboard 200 in 1622ms
 GET /favicon.ico?favicon.56766c03.ico 200 in 275ms
 GET /dashboard 200 in 788ms
 GET /favicon.ico?favicon.56766c03.ico 200 in 336ms
 GET /glass-preview 404 in 457ms
